2016-06-21 14:31:03,343 ERROR [] com.womai.m.mip.scheduled.activity.CacheActivityProductListTask.run - Fail to sync activity list
java.net.UnknownHostException: wapi.m.womai.test
	at java.net.InetAddress.getAllByName0(InetAddress.java:1250)
	at java.net.InetAddress.getAllByName(InetAddress.java:1162)
	at java.net.InetAddress.getAllByName(InetAddress.java:1098)
	at org.apache.http.impl.conn.SystemDefaultDnsResolver.resolve(SystemDefaultDnsResolver.java:45)
	at org.apache.http.impl.conn.DefaultHttpClientConnectionOperator.connect(DefaultHttpClientConnectionOperator.java:111)
	at org.apache.http.impl.conn.PoolingHttpClientConnectionManager.connect(PoolingHttpClientConnectionManager.java:353)
	at org.apache.http.impl.execchain.MainClientExec.establishRoute(MainClientExec.java:380)
	at org.apache.http.impl.execchain.MainClientExec.execute(MainClientExec.java:236)
	at org.apache.http.impl.execchain.ProtocolExec.execute(ProtocolExec.java:184)
	at org.apache.http.impl.execchain.RetryExec.execute(RetryExec.java:88)
	at org.apache.http.impl.execchain.RedirectExec.execute(RedirectExec.java:110)
	at org.apache.http.impl.client.InternalHttpClient.doExecute(InternalHttpClient.java:184)
	at org.apache.http.impl.client.CloseableHttpClient.execute(CloseableHttpClient.java:71)
	at org.apache.http.impl.client.CloseableHttpClient.execute(CloseableHttpClient.java:220)
	at org.apache.http.impl.client.CloseableHttpClient.execute(CloseableHttpClient.java:164)
	at org.apache.http.impl.client.CloseableHttpClient.execute(CloseableHttpClient.java:139)
	at com.womai.m.mip.common.utils.HttpClientUtil.post(HttpClientUtil.java:136)
	at com.womai.m.mip.manager.network.impl.NetworkManagerImpl.requestData(NetworkManagerImpl.java:38)
	at com.womai.m.mip.service.activity.impl.ActivityServiceImpl.syncList(ActivityServiceImpl.java:56)
	at com.womai.m.mip.scheduled.activity.CacheActivityProductListTask$CacheActivityProductListJob.run(CacheActivityProductListTask.java:68)
	at java.lang.Thread.run(Thread.java:745)
2016-06-21 14:31:03,343 ERROR [] com.womai.m.mip.scheduled.activity.CacheKxsActivityListTask.run - Fail to sync kxs activity list request
java.net.UnknownHostException: wapi.m.womai.test
	at java.net.InetAddress.getAllByName0(InetAddress.java:1250)
	at java.net.InetAddress.getAllByName(InetAddress.java:1162)
	at java.net.InetAddress.getAllByName(InetAddress.java:1098)
	at org.apache.http.impl.conn.SystemDefaultDnsResolver.resolve(SystemDefaultDnsResolver.java:45)
	at org.apache.http.impl.conn.DefaultHttpClientConnectionOperator.connect(DefaultHttpClientConnectionOperator.java:111)
	at org.apache.http.impl.conn.PoolingHttpClientConnectionManager.connect(PoolingHttpClientConnectionManager.java:353)
	at org.apache.http.impl.execchain.MainClientExec.establishRoute(MainClientExec.java:380)
	at org.apache.http.impl.execchain.MainClientExec.execute(MainClientExec.java:236)
	at org.apache.http.impl.execchain.ProtocolExec.execute(ProtocolExec.java:184)
	at org.apache.http.impl.execchain.RetryExec.execute(RetryExec.java:88)
	at org.apache.http.impl.execchain.RedirectExec.execute(RedirectExec.java:110)
	at org.apache.http.impl.client.InternalHttpClient.doExecute(InternalHttpClient.java:184)
	at org.apache.http.impl.client.CloseableHttpClient.execute(CloseableHttpClient.java:71)
	at org.apache.http.impl.client.CloseableHttpClient.execute(CloseableHttpClient.java:220)
	at org.apache.http.impl.client.CloseableHttpClient.execute(CloseableHttpClient.java:164)
	at org.apache.http.impl.client.CloseableHttpClient.execute(CloseableHttpClient.java:139)
	at com.womai.m.mip.common.utils.HttpClientUtil.post(HttpClientUtil.java:136)
	at com.womai.m.mip.manager.network.impl.NetworkManagerImpl.requestData(NetworkManagerImpl.java:38)
	at com.womai.m.mip.service.activity.impl.ActivityServiceImpl.cacheKxsActivity(ActivityServiceImpl.java:80)
	at com.womai.m.mip.scheduled.activity.CacheKxsActivityListTask$CacheKxsActivityJob.run(CacheKxsActivityListTask.java:60)
	at java.lang.Thread.run(Thread.java:745)
2016-06-21 14:31:03,343 ERROR [] com.womai.m.mip.scheduled.activity.CacheKxsActivityListTask.run - Fail to sync kxs activity list request
java.net.UnknownHostException: wapi.m.womai.test
	at java.net.InetAddress.getAllByName0(InetAddress.java:1250)
	at java.net.InetAddress.getAllByName(InetAddress.java:1162)
	at java.net.InetAddress.getAllByName(InetAddress.java:1098)
	at org.apache.http.impl.conn.SystemDefaultDnsResolver.resolve(SystemDefaultDnsResolver.java:45)
	at org.apache.http.impl.conn.DefaultHttpClientConnectionOperator.connect(DefaultHttpClientConnectionOperator.java:111)
	at org.apache.http.impl.conn.PoolingHttpClientConnectionManager.connect(PoolingHttpClientConnectionManager.java:353)
	at org.apache.http.impl.execchain.MainClientExec.establishRoute(MainClientExec.java:380)
	at org.apache.http.impl.execchain.MainClientExec.execute(MainClientExec.java:236)
	at org.apache.http.impl.execchain.ProtocolExec.execute(ProtocolExec.java:184)
	at org.apache.http.impl.execchain.RetryExec.execute(RetryExec.java:88)
	at org.apache.http.impl.execchain.RedirectExec.execute(RedirectExec.java:110)
	at org.apache.http.impl.client.InternalHttpClient.doExecute(InternalHttpClient.java:184)
	at org.apache.http.impl.client.CloseableHttpClient.execute(CloseableHttpClient.java:71)
	at org.apache.http.impl.client.CloseableHttpClient.execute(CloseableHttpClient.java:220)
	at org.apache.http.impl.client.CloseableHttpClient.execute(CloseableHttpClient.java:164)
	at org.apache.http.impl.client.CloseableHttpClient.execute(CloseableHttpClient.java:139)
	at com.womai.m.mip.common.utils.HttpClientUtil.post(HttpClientUtil.java:136)
	at com.womai.m.mip.manager.network.impl.NetworkManagerImpl.requestData(NetworkManagerImpl.java:38)
	at com.womai.m.mip.service.activity.impl.ActivityServiceImpl.cacheKxsActivity(ActivityServiceImpl.java:80)
	at com.womai.m.mip.scheduled.activity.CacheKxsActivityListTask$CacheKxsActivityJob.run(CacheKxsActivityListTask.java:60)
	at java.lang.Thread.run(Thread.java:745)
2016-06-21 14:31:03,343 ERROR [] com.womai.m.mip.scheduled.activity.CacheKxsActivityListTask.run - Fail to sync kxs activity list request
java.net.UnknownHostException: wapi.m.womai.test
	at java.net.InetAddress.getAllByName0(InetAddress.java:1250)
	at java.net.InetAddress.getAllByName(InetAddress.java:1162)
	at java.net.InetAddress.getAllByName(InetAddress.java:1098)
	at org.apache.http.impl.conn.SystemDefaultDnsResolver.resolve(SystemDefaultDnsResolver.java:45)
	at org.apache.http.impl.conn.DefaultHttpClientConnectionOperator.connect(DefaultHttpClientConnectionOperator.java:111)
	at org.apache.http.impl.conn.PoolingHttpClientConnectionManager.connect(PoolingHttpClientConnectionManager.java:353)
	at org.apache.http.impl.execchain.MainClientExec.establishRoute(MainClientExec.java:380)
	at org.apache.http.impl.execchain.MainClientExec.execute(MainClientExec.java:236)
	at org.apache.http.impl.execchain.ProtocolExec.execute(ProtocolExec.java:184)
	at org.apache.http.impl.execchain.RetryExec.execute(RetryExec.java:88)
	at org.apache.http.impl.execchain.RedirectExec.execute(RedirectExec.java:110)
	at org.apache.http.impl.client.InternalHttpClient.doExecute(InternalHttpClient.java:184)
	at org.apache.http.impl.client.CloseableHttpClient.execute(CloseableHttpClient.java:71)
	at org.apache.http.impl.client.CloseableHttpClient.execute(CloseableHttpClient.java:220)
	at org.apache.http.impl.client.CloseableHttpClient.execute(CloseableHttpClient.java:164)
	at org.apache.http.impl.client.CloseableHttpClient.execute(CloseableHttpClient.java:139)
	at com.womai.m.mip.common.utils.HttpClientUtil.post(HttpClientUtil.java:136)
	at com.womai.m.mip.manager.network.impl.NetworkManagerImpl.requestData(NetworkManagerImpl.java:38)
	at com.womai.m.mip.service.activity.impl.ActivityServiceImpl.cacheKxsActivity(ActivityServiceImpl.java:80)
	at com.womai.m.mip.scheduled.activity.CacheKxsActivityListTask$CacheKxsActivityJob.run(CacheKxsActivityListTask.java:60)
	at java.lang.Thread.run(Thread.java:745)
2016-06-21 14:31:03,343 ERROR [] com.womai.m.mip.scheduled.activity.CacheKxsActivityListTask.run - Fail to sync kxs activity list request
java.net.UnknownHostException: wapi.m.womai.test
	at java.net.InetAddress.getAllByName0(InetAddress.java:1250)
	at java.net.InetAddress.getAllByName(InetAddress.java:1162)
	at java.net.InetAddress.getAllByName(InetAddress.java:1098)
	at org.apache.http.impl.conn.SystemDefaultDnsResolver.resolve(SystemDefaultDnsResolver.java:45)
	at org.apache.http.impl.conn.DefaultHttpClientConnectionOperator.connect(DefaultHttpClientConnectionOperator.java:111)
	at org.apache.http.impl.conn.PoolingHttpClientConnectionManager.connect(PoolingHttpClientConnectionManager.java:353)
	at org.apache.http.impl.execchain.MainClientExec.establishRoute(MainClientExec.java:380)
	at org.apache.http.impl.execchain.MainClientExec.execute(MainClientExec.java:236)
	at org.apache.http.impl.execchain.ProtocolExec.execute(ProtocolExec.java:184)
	at org.apache.http.impl.execchain.RetryExec.execute(RetryExec.java:88)
	at org.apache.http.impl.execchain.RedirectExec.execute(RedirectExec.java:110)
	at org.apache.http.impl.client.InternalHttpClient.doExecute(InternalHttpClient.java:184)
	at org.apache.http.impl.client.CloseableHttpClient.execute(CloseableHttpClient.java:71)
	at org.apache.http.impl.client.CloseableHttpClient.execute(CloseableHttpClient.java:220)
	at org.apache.http.impl.client.CloseableHttpClient.execute(CloseableHttpClient.java:164)
	at org.apache.http.impl.client.CloseableHttpClient.execute(CloseableHttpClient.java:139)
	at com.womai.m.mip.common.utils.HttpClientUtil.post(HttpClientUtil.java:136)
	at com.womai.m.mip.manager.network.impl.NetworkManagerImpl.requestData(NetworkManagerImpl.java:38)
	at com.womai.m.mip.service.activity.impl.ActivityServiceImpl.cacheKxsActivity(ActivityServiceImpl.java:80)
	at com.womai.m.mip.scheduled.activity.CacheKxsActivityListTask$CacheKxsActivityJob.run(CacheKxsActivityListTask.java:60)
	at java.lang.Thread.run(Thread.java:745)
2016-06-21 14:31:03,343 ERROR [] com.womai.m.mip.scheduled.activity.CacheActivityProductListTask.run - Fail to sync activity list
java.net.UnknownHostException: wapi.m.womai.test
	at java.net.InetAddress.getAllByName0(InetAddress.java:1250)
	at java.net.InetAddress.getAllByName(InetAddress.java:1162)
	at java.net.InetAddress.getAllByName(InetAddress.java:1098)
	at org.apache.http.impl.conn.SystemDefaultDnsResolver.resolve(SystemDefaultDnsResolver.java:45)
	at org.apache.http.impl.conn.DefaultHttpClientConnectionOperator.connect(DefaultHttpClientConnectionOperator.java:111)
	at org.apache.http.impl.conn.PoolingHttpClientConnectionManager.connect(PoolingHttpClientConnectionManager.java:353)
	at org.apache.http.impl.execchain.MainClientExec.establishRoute(MainClientExec.java:380)
	at org.apache.http.impl.execchain.MainClientExec.execute(MainClientExec.java:236)
	at org.apache.http.impl.execchain.ProtocolExec.execute(ProtocolExec.java:184)
	at org.apache.http.impl.execchain.RetryExec.execute(RetryExec.java:88)
	at org.apache.http.impl.execchain.RedirectExec.execute(RedirectExec.java:110)
	at org.apache.http.impl.client.InternalHttpClient.doExecute(InternalHttpClient.java:184)
	at org.apache.http.impl.client.CloseableHttpClient.execute(CloseableHttpClient.java:71)
	at org.apache.http.impl.client.CloseableHttpClient.execute(CloseableHttpClient.java:220)
	at org.apache.http.impl.client.CloseableHttpClient.execute(CloseableHttpClient.java:164)
	at org.apache.http.impl.client.CloseableHttpClient.execute(CloseableHttpClient.java:139)
	at com.womai.m.mip.common.utils.HttpClientUtil.post(HttpClientUtil.java:136)
	at com.womai.m.mip.manager.network.impl.NetworkManagerImpl.requestData(NetworkManagerImpl.java:38)
	at com.womai.m.mip.service.activity.impl.ActivityServiceImpl.syncList(ActivityServiceImpl.java:56)
	at com.womai.m.mip.scheduled.activity.CacheActivityProductListTask$CacheActivityProductListJob.run(CacheActivityProductListTask.java:68)
	at java.lang.Thread.run(Thread.java:745)
2016-06-21 14:31:03,343 ERROR [] com.womai.m.mip.scheduled.activity.CacheKxsActivityListTask.run - Fail to sync kxs activity list request
java.net.UnknownHostException: wapi.m.womai.test
	at java.net.InetAddress.getAllByName0(InetAddress.java:1250)
	at java.net.InetAddress.getAllByName(InetAddress.java:1162)
	at java.net.InetAddress.getAllByName(InetAddress.java:1098)
	at org.apache.http.impl.conn.SystemDefaultDnsResolver.resolve(SystemDefaultDnsResolver.java:45)
	at org.apache.http.impl.conn.DefaultHttpClientConnectionOperator.connect(DefaultHttpClientConnectionOperator.java:111)
	at org.apache.http.impl.conn.PoolingHttpClientConnectionManager.connect(PoolingHttpClientConnectionManager.java:353)
	at org.apache.http.impl.execchain.MainClientExec.establishRoute(MainClientExec.java:380)
	at org.apache.http.impl.execchain.MainClientExec.execute(MainClientExec.java:236)
	at org.apache.http.impl.execchain.ProtocolExec.execute(ProtocolExec.java:184)
	at org.apache.http.impl.execchain.RetryExec.execute(RetryExec.java:88)
	at org.apache.http.impl.execchain.RedirectExec.execute(RedirectExec.java:110)
	at org.apache.http.impl.client.InternalHttpClient.doExecute(InternalHttpClient.java:184)
	at org.apache.http.impl.client.CloseableHttpClient.execute(CloseableHttpClient.java:71)
	at org.apache.http.impl.client.CloseableHttpClient.execute(CloseableHttpClient.java:220)
	at org.apache.http.impl.client.CloseableHttpClient.execute(CloseableHttpClient.java:164)
	at org.apache.http.impl.client.CloseableHttpClient.execute(CloseableHttpClient.java:139)
	at com.womai.m.mip.common.utils.HttpClientUtil.post(HttpClientUtil.java:136)
	at com.womai.m.mip.manager.network.impl.NetworkManagerImpl.requestData(NetworkManagerImpl.java:38)
	at com.womai.m.mip.service.activity.impl.ActivityServiceImpl.cacheKxsActivity(ActivityServiceImpl.java:80)
	at com.womai.m.mip.scheduled.activity.CacheKxsActivityListTask$CacheKxsActivityJob.run(CacheKxsActivityListTask.java:60)
	at java.lang.Thread.run(Thread.java:745)
2016-06-21 14:31:03,343 ERROR [] com.womai.m.mip.scheduled.activity.CacheKxsActivityListTask.run - Fail to sync kxs activity list request
java.net.UnknownHostException: wapi.m.womai.test
	at java.net.InetAddress.getAllByName0(InetAddress.java:1250)
	at java.net.InetAddress.getAllByName(InetAddress.java:1162)
	at java.net.InetAddress.getAllByName(InetAddress.java:1098)
	at org.apache.http.impl.conn.SystemDefaultDnsResolver.resolve(SystemDefaultDnsResolver.java:45)
	at org.apache.http.impl.conn.DefaultHttpClientConnectionOperator.connect(DefaultHttpClientConnectionOperator.java:111)
	at org.apache.http.impl.conn.PoolingHttpClientConnectionManager.connect(PoolingHttpClientConnectionManager.java:353)
	at org.apache.http.impl.execchain.MainClientExec.establishRoute(MainClientExec.java:380)
	at org.apache.http.impl.execchain.MainClientExec.execute(MainClientExec.java:236)
	at org.apache.http.impl.execchain.ProtocolExec.execute(ProtocolExec.java:184)
	at org.apache.http.impl.execchain.RetryExec.execute(RetryExec.java:88)
	at org.apache.http.impl.execchain.RedirectExec.execute(RedirectExec.java:110)
	at org.apache.http.impl.client.InternalHttpClient.doExecute(InternalHttpClient.java:184)
	at org.apache.http.impl.client.CloseableHttpClient.execute(CloseableHttpClient.java:71)
	at org.apache.http.impl.client.CloseableHttpClient.execute(CloseableHttpClient.java:220)
	at org.apache.http.impl.client.CloseableHttpClient.execute(CloseableHttpClient.java:164)
	at org.apache.http.impl.client.CloseableHttpClient.execute(CloseableHttpClient.java:139)
	at com.womai.m.mip.common.utils.HttpClientUtil.post(HttpClientUtil.java:136)
	at com.womai.m.mip.manager.network.impl.NetworkManagerImpl.requestData(NetworkManagerImpl.java:38)
	at com.womai.m.mip.service.activity.impl.ActivityServiceImpl.cacheKxsActivity(ActivityServiceImpl.java:80)
	at com.womai.m.mip.scheduled.activity.CacheKxsActivityListTask$CacheKxsActivityJob.run(CacheKxsActivityListTask.java:60)
	at java.lang.Thread.run(Thread.java:745)
2016-06-21 14:31:03,343 ERROR [] com.womai.m.mip.scheduled.activity.CacheKxsActivityListTask.run - Fail to sync kxs activity list request
java.net.UnknownHostException: wapi.m.womai.test
	at java.net.InetAddress.getAllByName0(InetAddress.java:1250)
	at java.net.InetAddress.getAllByName(InetAddress.java:1162)
	at java.net.InetAddress.getAllByName(InetAddress.java:1098)
	at org.apache.http.impl.conn.SystemDefaultDnsResolver.resolve(SystemDefaultDnsResolver.java:45)
	at org.apache.http.impl.conn.DefaultHttpClientConnectionOperator.connect(DefaultHttpClientConnectionOperator.java:111)
	at org.apache.http.impl.conn.PoolingHttpClientConnectionManager.connect(PoolingHttpClientConnectionManager.java:353)
	at org.apache.http.impl.execchain.MainClientExec.establishRoute(MainClientExec.java:380)
	at org.apache.http.impl.execchain.MainClientExec.execute(MainClientExec.java:236)
	at org.apache.http.impl.execchain.ProtocolExec.execute(ProtocolExec.java:184)
	at org.apache.http.impl.execchain.RetryExec.execute(RetryExec.java:88)
	at org.apache.http.impl.execchain.RedirectExec.execute(RedirectExec.java:110)
	at org.apache.http.impl.client.InternalHttpClient.doExecute(InternalHttpClient.java:184)
	at org.apache.http.impl.client.CloseableHttpClient.execute(CloseableHttpClient.java:71)
	at org.apache.http.impl.client.CloseableHttpClient.execute(CloseableHttpClient.java:220)
	at org.apache.http.impl.client.CloseableHttpClient.execute(CloseableHttpClient.java:164)
	at org.apache.http.impl.client.CloseableHttpClient.execute(CloseableHttpClient.java:139)
	at com.womai.m.mip.common.utils.HttpClientUtil.post(HttpClientUtil.java:136)
	at com.womai.m.mip.manager.network.impl.NetworkManagerImpl.requestData(NetworkManagerImpl.java:38)
	at com.womai.m.mip.service.activity.impl.ActivityServiceImpl.cacheKxsActivity(ActivityServiceImpl.java:80)
	at com.womai.m.mip.scheduled.activity.CacheKxsActivityListTask$CacheKxsActivityJob.run(CacheKxsActivityListTask.java:60)
	at java.lang.Thread.run(Thread.java:745)
2016-06-21 14:31:03,343 ERROR [] com.womai.m.mip.scheduled.activity.CacheKxsActivityListTask.run - Fail to sync kxs activity list request
java.net.UnknownHostException: wapi.m.womai.test
	at java.net.InetAddress.getAllByName0(InetAddress.java:1250)
	at java.net.InetAddress.getAllByName(InetAddress.java:1162)
	at java.net.InetAddress.getAllByName(InetAddress.java:1098)
	at org.apache.http.impl.conn.SystemDefaultDnsResolver.resolve(SystemDefaultDnsResolver.java:45)
	at org.apache.http.impl.conn.DefaultHttpClientConnectionOperator.connect(DefaultHttpClientConnectionOperator.java:111)
	at org.apache.http.impl.conn.PoolingHttpClientConnectionManager.connect(PoolingHttpClientConnectionManager.java:353)
	at org.apache.http.impl.execchain.MainClientExec.establishRoute(MainClientExec.java:380)
	at org.apache.http.impl.execchain.MainClientExec.execute(MainClientExec.java:236)
	at org.apache.http.impl.execchain.ProtocolExec.execute(ProtocolExec.java:184)
	at org.apache.http.impl.execchain.RetryExec.execute(RetryExec.java:88)
	at org.apache.http.impl.execchain.RedirectExec.execute(RedirectExec.java:110)
	at org.apache.http.impl.client.InternalHttpClient.doExecute(InternalHttpClient.java:184)
	at org.apache.http.impl.client.CloseableHttpClient.execute(CloseableHttpClient.java:71)
	at org.apache.http.impl.client.CloseableHttpClient.execute(CloseableHttpClient.java:220)
	at org.apache.http.impl.client.CloseableHttpClient.execute(CloseableHttpClient.java:164)
	at org.apache.http.impl.client.CloseableHttpClient.execute(CloseableHttpClient.java:139)
	at com.womai.m.mip.common.utils.HttpClientUtil.post(HttpClientUtil.java:136)
	at com.womai.m.mip.manager.network.impl.NetworkManagerImpl.requestData(NetworkManagerImpl.java:38)
	at com.womai.m.mip.service.activity.impl.ActivityServiceImpl.cacheKxsActivity(ActivityServiceImpl.java:80)
	at com.womai.m.mip.scheduled.activity.CacheKxsActivityListTask$CacheKxsActivityJob.run(CacheKxsActivityListTask.java:60)
	at java.lang.Thread.run(Thread.java:745)
2016-06-21 14:31:03,343 ERROR [] com.womai.m.mip.scheduled.activity.CacheKxsActivityListTask.run - Fail to sync kxs activity list request
java.net.UnknownHostException: wapi.m.womai.test
	at java.net.Inet6AddressImpl.lookupAllHostAddr(Native Method)
	at java.net.InetAddress$1.lookupAllHostAddr(InetAddress.java:901)
	at java.net.InetAddress.getAddressesFromNameService(InetAddress.java:1293)
	at java.net.InetAddress.getAllByName0(InetAddress.java:1246)
	at java.net.InetAddress.getAllByName(InetAddress.java:1162)
	at java.net.InetAddress.getAllByName(InetAddress.java:1098)
	at org.apache.http.impl.conn.SystemDefaultDnsResolver.resolve(SystemDefaultDnsResolver.java:45)
	at org.apache.http.impl.conn.DefaultHttpClientConnectionOperator.connect(DefaultHttpClientConnectionOperator.java:111)
	at org.apache.http.impl.conn.PoolingHttpClientConnectionManager.connect(PoolingHttpClientConnectionManager.java:353)
	at org.apache.http.impl.execchain.MainClientExec.establishRoute(MainClientExec.java:380)
	at org.apache.http.impl.execchain.MainClientExec.execute(MainClientExec.java:236)
	at org.apache.http.impl.execchain.ProtocolExec.execute(ProtocolExec.java:184)
	at org.apache.http.impl.execchain.RetryExec.execute(RetryExec.java:88)
	at org.apache.http.impl.execchain.RedirectExec.execute(RedirectExec.java:110)
	at org.apache.http.impl.client.InternalHttpClient.doExecute(InternalHttpClient.java:184)
	at org.apache.http.impl.client.CloseableHttpClient.execute(CloseableHttpClient.java:71)
	at org.apache.http.impl.client.CloseableHttpClient.execute(CloseableHttpClient.java:220)
	at org.apache.http.impl.client.CloseableHttpClient.execute(CloseableHttpClient.java:164)
	at org.apache.http.impl.client.CloseableHttpClient.execute(CloseableHttpClient.java:139)
	at com.womai.m.mip.common.utils.HttpClientUtil.post(HttpClientUtil.java:136)
	at com.womai.m.mip.manager.network.impl.NetworkManagerImpl.requestData(NetworkManagerImpl.java:38)
	at com.womai.m.mip.service.activity.impl.ActivityServiceImpl.cacheKxsActivity(ActivityServiceImpl.java:80)
	at com.womai.m.mip.scheduled.activity.CacheKxsActivityListTask$CacheKxsActivityJob.run(CacheKxsActivityListTask.java:60)
	at java.lang.Thread.run(Thread.java:745)
2016-06-21 14:31:03,343 ERROR [] com.womai.m.mip.scheduled.activity.CacheKxsActivityListTask.run - Fail to sync kxs activity list request
java.net.UnknownHostException: wapi.m.womai.test
	at java.net.InetAddress.getAllByName0(InetAddress.java:1250)
	at java.net.InetAddress.getAllByName(InetAddress.java:1162)
	at java.net.InetAddress.getAllByName(InetAddress.java:1098)
	at org.apache.http.impl.conn.SystemDefaultDnsResolver.resolve(SystemDefaultDnsResolver.java:45)
	at org.apache.http.impl.conn.DefaultHttpClientConnectionOperator.connect(DefaultHttpClientConnectionOperator.java:111)
	at org.apache.http.impl.conn.PoolingHttpClientConnectionManager.connect(PoolingHttpClientConnectionManager.java:353)
	at org.apache.http.impl.execchain.MainClientExec.establishRoute(MainClientExec.java:380)
	at org.apache.http.impl.execchain.MainClientExec.execute(MainClientExec.java:236)
	at org.apache.http.impl.execchain.ProtocolExec.execute(ProtocolExec.java:184)
	at org.apache.http.impl.execchain.RetryExec.execute(RetryExec.java:88)
	at org.apache.http.impl.execchain.RedirectExec.execute(RedirectExec.java:110)
	at org.apache.http.impl.client.InternalHttpClient.doExecute(InternalHttpClient.java:184)
	at org.apache.http.impl.client.CloseableHttpClient.execute(CloseableHttpClient.java:71)
	at org.apache.http.impl.client.CloseableHttpClient.execute(CloseableHttpClient.java:220)
	at org.apache.http.impl.client.CloseableHttpClient.execute(CloseableHttpClient.java:164)
	at org.apache.http.impl.client.CloseableHttpClient.execute(CloseableHttpClient.java:139)
	at com.womai.m.mip.common.utils.HttpClientUtil.post(HttpClientUtil.java:136)
	at com.womai.m.mip.manager.network.impl.NetworkManagerImpl.requestData(NetworkManagerImpl.java:38)
	at com.womai.m.mip.service.activity.impl.ActivityServiceImpl.cacheKxsActivity(ActivityServiceImpl.java:80)
	at com.womai.m.mip.scheduled.activity.CacheKxsActivityListTask$CacheKxsActivityJob.run(CacheKxsActivityListTask.java:60)
	at java.lang.Thread.run(Thread.java:745)
2016-06-21 14:31:03,343 ERROR [] com.womai.m.mip.scheduled.activity.CacheActivityProductListTask.run - Fail to sync activity list
java.net.UnknownHostException: wapi.m.womai.test
	at java.net.InetAddress.getAllByName0(InetAddress.java:1250)
	at java.net.InetAddress.getAllByName(InetAddress.java:1162)
	at java.net.InetAddress.getAllByName(InetAddress.java:1098)
	at org.apache.http.impl.conn.SystemDefaultDnsResolver.resolve(SystemDefaultDnsResolver.java:45)
	at org.apache.http.impl.conn.DefaultHttpClientConnectionOperator.connect(DefaultHttpClientConnectionOperator.java:111)
	at org.apache.http.impl.conn.PoolingHttpClientConnectionManager.connect(PoolingHttpClientConnectionManager.java:353)
	at org.apache.http.impl.execchain.MainClientExec.establishRoute(MainClientExec.java:380)
	at org.apache.http.impl.execchain.MainClientExec.execute(MainClientExec.java:236)
	at org.apache.http.impl.execchain.ProtocolExec.execute(ProtocolExec.java:184)
	at org.apache.http.impl.execchain.RetryExec.execute(RetryExec.java:88)
	at org.apache.http.impl.execchain.RedirectExec.execute(RedirectExec.java:110)
	at org.apache.http.impl.client.InternalHttpClient.doExecute(InternalHttpClient.java:184)
	at org.apache.http.impl.client.CloseableHttpClient.execute(CloseableHttpClient.java:71)
	at org.apache.http.impl.client.CloseableHttpClient.execute(CloseableHttpClient.java:220)
	at org.apache.http.impl.client.CloseableHttpClient.execute(CloseableHttpClient.java:164)
	at org.apache.http.impl.client.CloseableHttpClient.execute(CloseableHttpClient.java:139)
	at com.womai.m.mip.common.utils.HttpClientUtil.post(HttpClientUtil.java:136)
	at com.womai.m.mip.manager.network.impl.NetworkManagerImpl.requestData(NetworkManagerImpl.java:38)
	at com.womai.m.mip.service.activity.impl.ActivityServiceImpl.syncList(ActivityServiceImpl.java:56)
	at com.womai.m.mip.scheduled.activity.CacheActivityProductListTask$CacheActivityProductListJob.run(CacheActivityProductListTask.java:68)
	at java.lang.Thread.run(Thread.java:745)
2016-06-21 14:34:01,312 ERROR [1466490841254] com.womai.m.mip.service.passport.impl.PassportServiceImpl.login - fail to login: {"error":{"message":"密码错误","code":"10"}}
2016-06-21 16:42:32,911 ERROR [1466498552455] com.womai.m.mip.service.passport.impl.PassportServiceImpl.login - fail to login: {"error":{"message":"密码错误","code":"10"}}
