2016-06-30 11:36:10,442 INFO  [] org.springframework.web.context.ContextLoader.initWebApplicationContext - Root WebApplicationContext: initialization started
2016-06-30 11:36:10,521 INFO  [] org.springframework.web.context.support.XmlWebApplicationContext.prepareRefresh - Refreshing Root WebApplicationContext: startup date [Thu Jun 30 11:36:10 CST 2016]; root of context hierarchy
2016-06-30 11:36:10,554 INFO  [] org.springframework.beans.factory.xml.XmlBeanDefinitionReader.loadBeanDefinitions - Loading XML bean definitions from class path resource [applicationContext.xml]
2016-06-30 11:36:10,797 INFO  [] org.springframework.beans.factory.xml.XmlBeanDefinitionReader.loadBeanDefinitions - Loading XML bean definitions from URL [jar:file:/D:/tools/apache-maven-2.2.1/repository/com/womai/m/mip-channel/1.0-SNAPSHOT/mip-channel-1.0-SNAPSHOT.jar!/applicationContext-channel.xml]
2016-06-30 11:36:10,898 INFO  [] org.springframework.beans.factory.xml.XmlBeanDefinitionReader.loadBeanDefinitions - Loading XML bean definitions from URL [jar:file:/D:/tools/apache-maven-2.2.1/repository/com/womai/m/mip-channel/1.0-SNAPSHOT/mip-channel-1.0-SNAPSHOT.jar!/applicationContext-schedule.xml]
2016-06-30 11:36:10,923 INFO  [] org.springframework.beans.factory.xml.XmlBeanDefinitionReader.loadBeanDefinitions - Loading XML bean definitions from URL [jar:file:/D:/tools/apache-maven-2.2.1/repository/com/womai/m/mip-manager/1.0-SNAPSHOT/mip-manager-1.0-SNAPSHOT.jar!/applicationContext-redis.xml]
2016-06-30 11:36:11,302 INFO  [] org.springframework.beans.factory.config.PropertyPlaceholderConfigurer.loadProperties - Loading properties file from class path resource [properties/application.properties]
2016-06-30 11:36:11,305 INFO  [] org.springframework.beans.factory.config.PropertyPlaceholderConfigurer.loadProperties - Loading properties file from class path resource [properties/site.properties]
2016-06-30 11:36:11,311 INFO  [] org.springframework.beans.factory.config.PropertyPlaceholderConfigurer.loadProperties - Loading properties file from class path resource [properties/redis.properties]
2016-06-30 11:36:11,312 INFO  [] org.springframework.beans.factory.config.PropertyPlaceholderConfigurer.loadProperties - Loading properties file from class path resource [properties/activity.properties]
2016-06-30 11:36:11,312 INFO  [] org.springframework.beans.factory.config.PropertyPlaceholderConfigurer.loadProperties - Loading properties file from class path resource [properties/oauth.properties]
2016-06-30 11:36:11,313 INFO  [] org.springframework.beans.factory.config.PropertyPlaceholderConfigurer.loadProperties - Loading properties file from class path resource [properties/serviceurl.properties]
2016-06-30 11:36:11,964 INFO  [] org.quartz.impl.StdSchedulerFactory.instantiate - Using default implementation for ThreadExecutor
2016-06-30 11:36:11,980 INFO  [] org.quartz.core.SchedulerSignalerImpl.<init> - Initialized Scheduler Signaller of type: class org.quartz.core.SchedulerSignalerImpl
2016-06-30 11:36:11,981 INFO  [] org.quartz.core.QuartzScheduler.<init> - Quartz Scheduler v.2.2.3 created.
2016-06-30 11:36:11,982 INFO  [] org.quartz.simpl.RAMJobStore.initialize - RAMJobStore initialized.
2016-06-30 11:36:11,983 INFO  [] org.quartz.core.QuartzScheduler.initialize - Scheduler meta-data: Quartz Scheduler (v2.2.3) 'scheduler' with instanceId 'NON_CLUSTERED'
  Scheduler class: 'org.quartz.core.QuartzScheduler' - running locally.
  NOT STARTED.
  Currently in standby mode.
  Number of jobs executed: 0
  Using thread pool 'org.quartz.simpl.SimpleThreadPool' - with 10 threads.
  Using job-store 'org.quartz.simpl.RAMJobStore' - which does not support persistence. and is not clustered.

2016-06-30 11:36:11,983 INFO  [] org.quartz.impl.StdSchedulerFactory.instantiate - Quartz scheduler 'scheduler' initialized from an externally provided properties instance.
2016-06-30 11:36:11,984 INFO  [] org.quartz.impl.StdSchedulerFactory.instantiate - Quartz scheduler version: 2.2.3
2016-06-30 11:36:11,986 INFO  [] org.quartz.core.QuartzScheduler.setJobFactory - JobFactory set to: org.springframework.scheduling.quartz.AdaptableJobFactory@54100de6
2016-06-30 11:36:12,166 INFO  [] o.springframework.web.servlet.mvc.method.annotation.RequestMappingHandlerMapping.register - Mapped "{[/activity/productList],produces=[application/json;charset=utf-8]}" onto public com.womai.m.mip.channel.BaseResponse com.womai.m.mip.channel.activity.ActivityController.syncList(javax.servlet.http.HttpServletRequest)
2016-06-30 11:36:12,167 INFO  [] o.springframework.web.servlet.mvc.method.annotation.RequestMappingHandlerMapping.register - Mapped "{[/activity/cacheProductList],produces=[application/json;charset=utf-8]}" onto public com.womai.m.mip.channel.BaseResponse com.womai.m.mip.channel.activity.ActivityController.cacheActivityProductList(javax.servlet.http.HttpServletRequest)
2016-06-30 11:36:12,168 INFO  [] o.springframework.web.servlet.mvc.method.annotation.RequestMappingHandlerMapping.register - Mapped "{[/activity/cacheKxsActivityList],produces=[application/json;charset=utf-8]}" onto public com.womai.m.mip.channel.BaseResponse com.womai.m.mip.channel.activity.ActivityController.cacheKxsActivityList(javax.servlet.http.HttpServletRequest)
2016-06-30 11:36:12,169 INFO  [] o.springframework.web.servlet.mvc.method.annotation.RequestMappingHandlerMapping.register - Mapped "{[/config/enableHotspot],produces=[application/json;charset=utf-8]}" onto public com.womai.m.mip.channel.BaseResponse com.womai.m.mip.channel.config.MipConfigController.enableHotspot(javax.servlet.http.HttpServletRequest)
2016-06-30 11:36:12,178 INFO  [] o.springframework.web.servlet.mvc.method.annotation.RequestMappingHandlerMapping.register - Mapped "{[/scheduleconfig/pauseTask],produces=[application/json;charset=utf-8]}" onto public com.womai.m.mip.channel.BaseResponse com.womai.m.mip.channel.config.ScheduleConfigController.pauseTask(javax.servlet.http.HttpServletRequest)
2016-06-30 11:36:12,179 INFO  [] o.springframework.web.servlet.mvc.method.annotation.RequestMappingHandlerMapping.register - Mapped "{[/scheduleconfig/resumeTask],produces=[application/json;charset=utf-8]}" onto public com.womai.m.mip.channel.BaseResponse com.womai.m.mip.channel.config.ScheduleConfigController.resumeTask(javax.servlet.http.HttpServletRequest)
2016-06-30 11:36:12,180 INFO  [] o.springframework.web.servlet.mvc.method.annotation.RequestMappingHandlerMapping.register - Mapped "{[/scheduleconfig/deleteTask],produces=[application/json;charset=utf-8]}" onto public com.womai.m.mip.channel.BaseResponse com.womai.m.mip.channel.config.ScheduleConfigController.deleteTask(javax.servlet.http.HttpServletRequest)
2016-06-30 11:36:12,180 INFO  [] o.springframework.web.servlet.mvc.method.annotation.RequestMappingHandlerMapping.register - Mapped "{[/scheduleconfig/triggerTask],produces=[application/json;charset=utf-8]}" onto public com.womai.m.mip.channel.BaseResponse com.womai.m.mip.channel.config.ScheduleConfigController.triggerTask(javax.servlet.http.HttpServletRequest)
2016-06-30 11:36:12,181 INFO  [] o.springframework.web.servlet.mvc.method.annotation.RequestMappingHandlerMapping.register - Mapped "{[/scheduleconfig/listTask],produces=[application/json;charset=utf-8]}" onto public com.womai.m.mip.channel.BaseResponse com.womai.m.mip.channel.config.ScheduleConfigController.listTask(javax.servlet.http.HttpServletRequest)
2016-06-30 11:36:12,181 INFO  [] o.springframework.web.servlet.mvc.method.annotation.RequestMappingHandlerMapping.register - Mapped "{[/scheduleconfig/rescheduleTask],produces=[application/json;charset=utf-8]}" onto public com.womai.m.mip.channel.BaseResponse com.womai.m.mip.channel.config.ScheduleConfigController.rescheduleTask(javax.servlet.http.HttpServletRequest)
2016-06-30 11:36:12,184 INFO  [] o.springframework.web.servlet.mvc.method.annotation.RequestMappingHandlerMapping.register - Mapped "{[/geo/getLocation],produces=[application/json;charset=utf-8]}" onto public com.womai.m.mip.channel.BaseResponse com.womai.m.mip.channel.geolocation.GeolocationController.getLocation(javax.servlet.http.HttpServletRequest)
2016-06-30 11:36:12,185 INFO  [] o.springframework.web.servlet.mvc.method.annotation.RequestMappingHandlerMapping.register - Mapped "{[/geo/getGeolocation],produces=[application/json;charset=utf-8]}" onto public com.womai.m.mip.channel.BaseResponse com.womai.m.mip.channel.geolocation.GeolocationController.getGeolocation(javax.servlet.http.HttpServletRequest)
2016-06-30 11:36:12,193 INFO  [] o.springframework.web.servlet.mvc.method.annotation.RequestMappingHandlerMapping.register - Mapped "{[/passport/logout]}" onto public java.lang.String com.womai.m.mip.channel.passport.PassportController.logout(javax.servlet.http.HttpServletRequest,javax.servlet.http.HttpServletResponse) throws java.lang.Exception
2016-06-30 11:36:12,194 INFO  [] o.springframework.web.servlet.mvc.method.annotation.RequestMappingHandlerMapping.register - Mapped "{[/passport/generateIdentifyCode]}" onto public void com.womai.m.mip.channel.passport.PassportController.generateIdentifyCode(javax.servlet.http.HttpServletRequest,javax.servlet.http.HttpServletResponse) throws java.lang.Exception
2016-06-30 11:36:12,195 INFO  [] o.springframework.web.servlet.mvc.method.annotation.RequestMappingHandlerMapping.register - Mapped "{[/passport/sendRegisterCode]}" onto public void com.womai.m.mip.channel.passport.PassportController.sendRegisterCode(javax.servlet.http.HttpServletRequest,javax.servlet.http.HttpServletResponse) throws java.lang.Exception
2016-06-30 11:36:12,195 INFO  [] o.springframework.web.servlet.mvc.method.annotation.RequestMappingHandlerMapping.register - Mapped "{[/passport/sendFindPwdCode]}" onto public void com.womai.m.mip.channel.passport.PassportController.sendFindPwdCode(javax.servlet.http.HttpServletRequest,javax.servlet.http.HttpServletResponse) throws java.lang.Exception
2016-06-30 11:36:12,196 INFO  [] o.springframework.web.servlet.mvc.method.annotation.RequestMappingHandlerMapping.register - Mapped "{[/passport/forgetPwdMobile]}" onto public java.lang.String com.womai.m.mip.channel.passport.PassportController.forgetPwdMobile(javax.servlet.http.HttpServletRequest,javax.servlet.http.HttpServletResponse,org.springframework.ui.Model) throws java.lang.Exception
2016-06-30 11:36:12,196 INFO  [] o.springframework.web.servlet.mvc.method.annotation.RequestMappingHandlerMapping.register - Mapped "{[/passport/forgetPwdEmail]}" onto public java.lang.String com.womai.m.mip.channel.passport.PassportController.forgetPwdEmail(javax.servlet.http.HttpServletRequest,javax.servlet.http.HttpServletResponse,org.springframework.ui.Model) throws java.lang.Exception
2016-06-30 11:36:12,198 INFO  [] o.springframework.web.servlet.mvc.method.annotation.RequestMappingHandlerMapping.register - Mapped "{[/passport/noPassLoginSendCode]}" onto public void com.womai.m.mip.channel.passport.PassportController.noPassLoginSendCode(javax.servlet.http.HttpServletRequest,javax.servlet.http.HttpServletResponse) throws java.lang.Exception
2016-06-30 11:36:12,199 INFO  [] o.springframework.web.servlet.mvc.method.annotation.RequestMappingHandlerMapping.register - Mapped "{[/passport/login]}" onto public java.lang.String com.womai.m.mip.channel.passport.PassportController.login(javax.servlet.http.HttpServletRequest,javax.servlet.http.HttpServletResponse,org.springframework.ui.Model) throws java.lang.Exception
2016-06-30 11:36:12,200 INFO  [] o.springframework.web.servlet.mvc.method.annotation.RequestMappingHandlerMapping.register - Mapped "{[/passport/checkLogin]}" onto public java.lang.String com.womai.m.mip.channel.passport.PassportController.checkLogin(javax.servlet.http.HttpServletRequest,javax.servlet.http.HttpServletResponse,org.springframework.ui.Model) throws java.lang.Exception
2016-06-30 11:36:12,201 INFO  [] o.springframework.web.servlet.mvc.method.annotation.RequestMappingHandlerMapping.register - Mapped "{[/passport/verifyLogin],produces=[application/json;charset=utf-8]}" onto public com.womai.m.mip.channel.BaseResponse com.womai.m.mip.channel.passport.PassportController.verifyLogin(javax.servlet.http.HttpServletRequest,javax.servlet.http.HttpServletResponse) throws java.lang.Exception
2016-06-30 11:36:12,202 INFO  [] o.springframework.web.servlet.mvc.method.annotation.RequestMappingHandlerMapping.register - Mapped "{[/passport/toRegister]}" onto public java.lang.String com.womai.m.mip.channel.passport.PassportController.toRegister(javax.servlet.http.HttpServletRequest,javax.servlet.http.HttpServletResponse,org.springframework.ui.Model) throws java.lang.Exception
2016-06-30 11:36:12,202 INFO  [] o.springframework.web.servlet.mvc.method.annotation.RequestMappingHandlerMapping.register - Mapped "{[/passport/fastRegister]}" onto public java.lang.String com.womai.m.mip.channel.passport.PassportController.fastRegister(javax.servlet.http.HttpServletRequest,javax.servlet.http.HttpServletResponse,org.springframework.ui.Model)
2016-06-30 11:36:12,203 INFO  [] o.springframework.web.servlet.mvc.method.annotation.RequestMappingHandlerMapping.register - Mapped "{[/passport/toForgetPwd]}" onto public java.lang.String com.womai.m.mip.channel.passport.PassportController.toForgetPwd(javax.servlet.http.HttpServletRequest,javax.servlet.http.HttpServletResponse,org.springframework.ui.Model) throws java.lang.Exception
2016-06-30 11:36:12,203 INFO  [] o.springframework.web.servlet.mvc.method.annotation.RequestMappingHandlerMapping.register - Mapped "{[/passport/resetPassword]}" onto public java.lang.String com.womai.m.mip.channel.passport.PassportController.resetPassword(javax.servlet.http.HttpServletRequest,javax.servlet.http.HttpServletResponse,org.springframework.ui.Model) throws java.lang.Exception
2016-06-30 11:36:12,204 INFO  [] o.springframework.web.servlet.mvc.method.annotation.RequestMappingHandlerMapping.register - Mapped "{[/passport/toNoPassLogin]}" onto public java.lang.String com.womai.m.mip.channel.passport.PassportController.toNoPassLogin(javax.servlet.http.HttpServletRequest,javax.servlet.http.HttpServletResponse,org.springframework.ui.Model) throws java.lang.Exception
2016-06-30 11:36:12,205 INFO  [] o.springframework.web.servlet.mvc.method.annotation.RequestMappingHandlerMapping.register - Mapped "{[/passport/noPassLogin]}" onto public java.lang.String com.womai.m.mip.channel.passport.PassportController.noPassLogin(javax.servlet.http.HttpServletRequest,javax.servlet.http.HttpServletResponse,org.springframework.ui.Model)
2016-06-30 11:36:12,221 INFO  [] o.springframework.web.servlet.mvc.method.annotation.RequestMappingHandlerMapping.register - Mapped "{[/union/unionLoginList]}" onto public java.lang.String com.womai.m.mip.channel.passport.UnionLoginController.unionLoginList(javax.servlet.http.HttpServletRequest,javax.servlet.http.HttpServletResponse) throws java.lang.Exception
2016-06-30 11:36:12,222 INFO  [] o.springframework.web.servlet.mvc.method.annotation.RequestMappingHandlerMapping.register - Mapped "{[/union/qq/callback]}" onto public java.lang.String com.womai.m.mip.channel.passport.UnionLoginController.unionQQLoginCallback(javax.servlet.http.HttpServletRequest,javax.servlet.http.HttpServletResponse,org.springframework.ui.Model) throws java.lang.Exception
2016-06-30 11:36:12,223 INFO  [] o.springframework.web.servlet.mvc.method.annotation.RequestMappingHandlerMapping.register - Mapped "{[/union/alipay/login]}" onto public void com.womai.m.mip.channel.passport.UnionLoginController.unionAlipayLogin(javax.servlet.http.HttpServletRequest,javax.servlet.http.HttpServletResponse) throws java.lang.Exception
2016-06-30 11:36:12,224 INFO  [] o.springframework.web.servlet.mvc.method.annotation.RequestMappingHandlerMapping.register - Mapped "{[/union/alipay/callback]}" onto public java.lang.String com.womai.m.mip.channel.passport.UnionLoginController.unionAlipayLoginCallback(javax.servlet.http.HttpServletRequest,javax.servlet.http.HttpServletResponse,org.springframework.ui.Model) throws java.lang.Exception
2016-06-30 11:36:12,225 INFO  [] o.springframework.web.servlet.mvc.method.annotation.RequestMappingHandlerMapping.register - Mapped "{[/union/sina/login]}" onto public void com.womai.m.mip.channel.passport.UnionLoginController.unionSinaLogin(javax.servlet.http.HttpServletRequest,javax.servlet.http.HttpServletResponse) throws java.lang.Exception
2016-06-30 11:36:12,225 INFO  [] o.springframework.web.servlet.mvc.method.annotation.RequestMappingHandlerMapping.register - Mapped "{[/union/sina/callback]}" onto public java.lang.String com.womai.m.mip.channel.passport.UnionLoginController.unionSinaLoginCallback(javax.servlet.http.HttpServletRequest,javax.servlet.http.HttpServletResponse,org.springframework.ui.Model) throws java.lang.Exception
2016-06-30 11:36:12,226 INFO  [] o.springframework.web.servlet.mvc.method.annotation.RequestMappingHandlerMapping.register - Mapped "{[/union/qq/login]}" onto public void com.womai.m.mip.channel.passport.UnionLoginController.unionQQLogin(javax.servlet.http.HttpServletRequest,javax.servlet.http.HttpServletResponse) throws java.lang.Exception
2016-06-30 11:36:12,227 INFO  [] o.springframework.web.servlet.mvc.method.annotation.RequestMappingHandlerMapping.register - Mapped "{[/union/logout]}" onto public java.lang.String com.womai.m.mip.channel.passport.PassportController.logout(javax.servlet.http.HttpServletRequest,javax.servlet.http.HttpServletResponse) throws java.lang.Exception
2016-06-30 11:36:12,228 INFO  [] o.springframework.web.servlet.mvc.method.annotation.RequestMappingHandlerMapping.register - Mapped "{[/union/generateIdentifyCode]}" onto public void com.womai.m.mip.channel.passport.PassportController.generateIdentifyCode(javax.servlet.http.HttpServletRequest,javax.servlet.http.HttpServletResponse) throws java.lang.Exception
2016-06-30 11:36:12,228 INFO  [] o.springframework.web.servlet.mvc.method.annotation.RequestMappingHandlerMapping.register - Mapped "{[/union/sendRegisterCode]}" onto public void com.womai.m.mip.channel.passport.PassportController.sendRegisterCode(javax.servlet.http.HttpServletRequest,javax.servlet.http.HttpServletResponse) throws java.lang.Exception
2016-06-30 11:36:12,229 INFO  [] o.springframework.web.servlet.mvc.method.annotation.RequestMappingHandlerMapping.register - Mapped "{[/union/sendFindPwdCode]}" onto public void com.womai.m.mip.channel.passport.PassportController.sendFindPwdCode(javax.servlet.http.HttpServletRequest,javax.servlet.http.HttpServletResponse) throws java.lang.Exception
2016-06-30 11:36:12,229 INFO  [] o.springframework.web.servlet.mvc.method.annotation.RequestMappingHandlerMapping.register - Mapped "{[/union/forgetPwdMobile]}" onto public java.lang.String com.womai.m.mip.channel.passport.PassportController.forgetPwdMobile(javax.servlet.http.HttpServletRequest,javax.servlet.http.HttpServletResponse,org.springframework.ui.Model) throws java.lang.Exception
2016-06-30 11:36:12,230 INFO  [] o.springframework.web.servlet.mvc.method.annotation.RequestMappingHandlerMapping.register - Mapped "{[/union/forgetPwdEmail]}" onto public java.lang.String com.womai.m.mip.channel.passport.PassportController.forgetPwdEmail(javax.servlet.http.HttpServletRequest,javax.servlet.http.HttpServletResponse,org.springframework.ui.Model) throws java.lang.Exception
2016-06-30 11:36:12,230 INFO  [] o.springframework.web.servlet.mvc.method.annotation.RequestMappingHandlerMapping.register - Mapped "{[/union/noPassLoginSendCode]}" onto public void com.womai.m.mip.channel.passport.PassportController.noPassLoginSendCode(javax.servlet.http.HttpServletRequest,javax.servlet.http.HttpServletResponse) throws java.lang.Exception
2016-06-30 11:36:12,231 INFO  [] o.springframework.web.servlet.mvc.method.annotation.RequestMappingHandlerMapping.register - Mapped "{[/union/login]}" onto public java.lang.String com.womai.m.mip.channel.passport.PassportController.login(javax.servlet.http.HttpServletRequest,javax.servlet.http.HttpServletResponse,org.springframework.ui.Model) throws java.lang.Exception
2016-06-30 11:36:12,231 INFO  [] o.springframework.web.servlet.mvc.method.annotation.RequestMappingHandlerMapping.register - Mapped "{[/union/checkLogin]}" onto public java.lang.String com.womai.m.mip.channel.passport.PassportController.checkLogin(javax.servlet.http.HttpServletRequest,javax.servlet.http.HttpServletResponse,org.springframework.ui.Model) throws java.lang.Exception
2016-06-30 11:36:12,233 INFO  [] o.springframework.web.servlet.mvc.method.annotation.RequestMappingHandlerMapping.register - Mapped "{[/union/verifyLogin],produces=[application/json;charset=utf-8]}" onto public com.womai.m.mip.channel.BaseResponse com.womai.m.mip.channel.passport.PassportController.verifyLogin(javax.servlet.http.HttpServletRequest,javax.servlet.http.HttpServletResponse) throws java.lang.Exception
2016-06-30 11:36:12,234 INFO  [] o.springframework.web.servlet.mvc.method.annotation.RequestMappingHandlerMapping.register - Mapped "{[/union/toRegister]}" onto public java.lang.String com.womai.m.mip.channel.passport.PassportController.toRegister(javax.servlet.http.HttpServletRequest,javax.servlet.http.HttpServletResponse,org.springframework.ui.Model) throws java.lang.Exception
2016-06-30 11:36:12,235 INFO  [] o.springframework.web.servlet.mvc.method.annotation.RequestMappingHandlerMapping.register - Mapped "{[/union/fastRegister]}" onto public java.lang.String com.womai.m.mip.channel.passport.PassportController.fastRegister(javax.servlet.http.HttpServletRequest,javax.servlet.http.HttpServletResponse,org.springframework.ui.Model)
2016-06-30 11:36:12,236 INFO  [] o.springframework.web.servlet.mvc.method.annotation.RequestMappingHandlerMapping.register - Mapped "{[/union/toForgetPwd]}" onto public java.lang.String com.womai.m.mip.channel.passport.PassportController.toForgetPwd(javax.servlet.http.HttpServletRequest,javax.servlet.http.HttpServletResponse,org.springframework.ui.Model) throws java.lang.Exception
2016-06-30 11:36:12,236 INFO  [] o.springframework.web.servlet.mvc.method.annotation.RequestMappingHandlerMapping.register - Mapped "{[/union/resetPassword]}" onto public java.lang.String com.womai.m.mip.channel.passport.PassportController.resetPassword(javax.servlet.http.HttpServletRequest,javax.servlet.http.HttpServletResponse,org.springframework.ui.Model) throws java.lang.Exception
2016-06-30 11:36:12,237 INFO  [] o.springframework.web.servlet.mvc.method.annotation.RequestMappingHandlerMapping.register - Mapped "{[/union/toNoPassLogin]}" onto public java.lang.String com.womai.m.mip.channel.passport.PassportController.toNoPassLogin(javax.servlet.http.HttpServletRequest,javax.servlet.http.HttpServletResponse,org.springframework.ui.Model) throws java.lang.Exception
2016-06-30 11:36:12,237 INFO  [] o.springframework.web.servlet.mvc.method.annotation.RequestMappingHandlerMapping.register - Mapped "{[/union/noPassLogin]}" onto public java.lang.String com.womai.m.mip.channel.passport.PassportController.noPassLogin(javax.servlet.http.HttpServletRequest,javax.servlet.http.HttpServletResponse,org.springframework.ui.Model)
2016-06-30 11:36:12,241 INFO  [] o.springframework.web.servlet.mvc.method.annotation.RequestMappingHandlerMapping.register - Mapped "{[/sso/sendRegisterCode],produces=[application/json;charset=utf-8]}" onto public com.womai.m.mip.channel.BaseResponse com.womai.m.mip.channel.sso.SSOController.sendRegisterCode(javax.servlet.http.HttpServletRequest)
2016-06-30 11:36:12,241 INFO  [] o.springframework.web.servlet.mvc.method.annotation.RequestMappingHandlerMapping.register - Mapped "{[/sso/login],produces=[application/json;charset=utf-8]}" onto public com.womai.m.mip.channel.BaseResponse com.womai.m.mip.channel.sso.SSOController.login(javax.servlet.http.HttpServletRequest)
2016-06-30 11:36:12,242 INFO  [] o.springframework.web.servlet.mvc.method.annotation.RequestMappingHandlerMapping.register - Mapped "{[/sso/fastRegister],produces=[application/json;charset=utf-8]}" onto public com.womai.m.mip.channel.BaseResponse com.womai.m.mip.channel.sso.SSOController.fastRegister(javax.servlet.http.HttpServletRequest)
2016-06-30 11:36:12,554 INFO  [] o.springframework.web.servlet.mvc.method.annotation.RequestMappingHandlerAdapter.initControllerAdviceCache - Looking for @ControllerAdvice: Root WebApplicationContext: startup date [Thu Jun 30 11:36:10 CST 2016]; root of context hierarchy
2016-06-30 11:36:12,609 INFO  [] o.springframework.web.servlet.mvc.method.annotation.RequestMappingHandlerAdapter.initControllerAdviceCache - Looking for @ControllerAdvice: Root WebApplicationContext: startup date [Thu Jun 30 11:36:10 CST 2016]; root of context hierarchy
2016-06-30 11:36:12,671 INFO  [] o.springframework.web.servlet.mvc.method.annotation.RequestMappingHandlerAdapter.initControllerAdviceCache - Looking for @ControllerAdvice: Root WebApplicationContext: startup date [Thu Jun 30 11:36:10 CST 2016]; root of context hierarchy
2016-06-30 11:36:12,773 INFO  [] org.springframework.context.support.DefaultLifecycleProcessor.start - Starting beans in phase 2147483647
2016-06-30 11:36:12,774 INFO  [] org.springframework.scheduling.quartz.SchedulerFactoryBean.startScheduler - Starting Quartz Scheduler now
2016-06-30 11:36:12,774 INFO  [] org.quartz.core.QuartzScheduler.start - Scheduler scheduler_$_NON_CLUSTERED started.
2016-06-30 11:36:12,778 INFO  [] org.springframework.web.context.ContextLoader.initWebApplicationContext - Root WebApplicationContext: initialization completed in 2332 ms
2016-06-30 11:36:12,836 INFO  [] org.springframework.web.servlet.DispatcherServlet.initServletBean - FrameworkServlet 'dispatcher': initialization started
2016-06-30 11:36:12,840 INFO  [] org.springframework.web.context.support.XmlWebApplicationContext.prepareRefresh - Refreshing WebApplicationContext for namespace 'dispatcher-servlet': startup date [Thu Jun 30 11:36:12 CST 2016]; parent: Root WebApplicationContext
2016-06-30 11:36:12,850 INFO  [] org.springframework.web.servlet.DispatcherServlet.initServletBean - FrameworkServlet 'dispatcher': initialization completed in 14 ms
2016-06-30 11:36:49,308 INFO  [1467257809275] com.womai.m.mip.service.passport.impl.PassportServiceImpl.verifyLogin - Userinfo: {"response":"userinfo","userinfo":{"username":"sj_41763247971","level":"普通会员","point":"100","wmk_count":"￥0.00元","bindPhone":true,"dealMobile":"186****0611","hasPayPassword":false,"integarlCount":"0","showMyRebate":true,"email":"","isNewUser":"true","userLevelId":"100","showWomaibao":true,"createDate":"2016-06-22 17:23:36"}}
2016-06-30 11:36:49,759 INFO  [1467257805119] com.womai.m.mip.web.filter.TimerFilter.doFilter - Slow request url: http://passport.m.womai.com/passport/checkLogin.action - Time to execute request:  4639 milliseconds!
